<?xml version="1.0" encoding="UTF-8"?>
<!-- Generated by org.testng.reporters.JUnitReportReporter -->
<testsuite hostname="Vijay-PC" failures="0" tests="3" name="Tests.LoginTests" time="15.810" errors="0" timestamp="2021-08-04T15:43:08 IST" skipped="0">
  <testcase classname="Tests.LoginTests" name="verifySuccessfulLogin" time="8.830"/>
  <system-out>
    <![CDATA[[[ChromeDriver: chrome on WINDOWS (8be6a6243d20ab1aa244f277db1ecbcf)] -> id: logout] is displayed.]]>
  </system-out>
  <testcase classname="Tests.LoginTests" name="verifyUnsuccessfulLogin" time="3.201"/>
  <system-out/>
  <testcase classname="Tests.LoginTests" name="verifyFieldsPresent" time="3.779"/>
  <system-out/>
</testsuite> <!-- Tests.LoginTests -->
